#! /c/Source/iverilog-install/bin/vvp
:ivl_version "12.0 (devel)" "(s20150603-1539-g2693dd32b)";
:ivl_delay_selection "TYPICAL";
:vpi_time_precision - 9;
:vpi_module "C:\iverilog\lib\ivl\system.vpi";
:vpi_module "C:\iverilog\lib\ivl\vhdl_sys.vpi";
:vpi_module "C:\iverilog\lib\ivl\vhdl_textio.vpi";
:vpi_module "C:\iverilog\lib\ivl\v2005_math.vpi";
:vpi_module "C:\iverilog\lib\ivl\va_math.vpi";
S_0000023c77ae58f0 .scope module, "fpadd_tb" "fpadd_tb" 2 11;
 .timescale -9 -9;
v0000023c77b39c90_0 .var "a", 31 0;
v0000023c77b39e70_0 .var "b", 31 0;
v0000023c77b39d30_0 .var "clk", 0 0;
v0000023c77b39f10_0 .net "done", 0 0, L_0000023c77a99210;  1 drivers
v0000023c77b42d00_0 .var/i "err", 31 0;
v0000023c77b43340_0 .var/i "i", 31 0;
v0000023c77b43160_0 .var "reset", 0 0;
v0000023c77b44240_0 .var "start", 0 0;
v0000023c77b432a0_0 .net "sum", 31 0, L_0000023c77a98b10;  1 drivers
v0000023c77b42da0_0 .var "sumexp", 31 0;
v0000023c77b44100 .array "testinputs", 29 0, 31 0;
v0000023c77b43ca0_0 .var "timedout", 0 0;
v0000023c77b42e40_0 .var/i "timer", 31 0;
v0000023c77b43fc0_0 .var/i "tot", 31 0;
S_0000023c77ae5a80 .scope module, "dut" "fpadd" 2 22, 3 2 0, S_0000023c77ae58f0;
 .timescale 0 0;
    .port_info 0 /INPUT 1 "clk";
    .port_info 1 /INPUT 1 "reset";
    .port_info 2 /INPUT 1 "start";
    .port_info 3 /INPUT 32 "a";
    .port_info 4 /INPUT 32 "b";
    .port_info 5 /OUTPUT 32 "sum";
    .port_info 6 /OUTPUT 1 "done";
P_0000023c77acce00 .param/l "DONE" 1 3 21, C4<111>;
P_0000023c77acce38 .param/l "STATE_1" 1 3 16, C4<001>;
P_0000023c77acce70 .param/l "STATE_2" 1 3 17, C4<010>;
P_0000023c77accea8 .param/l "STATE_3" 1 3 18, C4<011>;
P_0000023c77accee0 .param/l "STATE_4" 1 3 19, C4<100>;
P_0000023c77accf18 .param/l "STATE_5" 1 3 20, C4<101>;
P_0000023c77accf50 .param/l "STATE_Initial" 1 3 14, C4<000>;
P_0000023c77accf88 .param/l "STATE_Spcase" 1 3 15, C4<110>;
L_0000023c77a98b10 .functor BUFZ 32, v0000023c77b39dd0_0, C4<00000000000000000000000000000000>, C4<00000000000000000000000000000000>, C4<00000000000000000000000000000000>;
L_0000023c77a99210 .functor BUFZ 1, v0000023c77a726b0_0, C4<0>, C4<0>, C4<0>;
v0000023c77b8ab40_0 .var "CurrentState", 2 0;
v0000023c77b8abe0_0 .var "NextState", 2 0;
v0000023c77accfd0_0 .net "a", 31 0, v0000023c77b39c90_0;  1 drivers
v0000023c77acd070_0 .net "b", 31 0, v0000023c77b39e70_0;  1 drivers
v0000023c77acd110_0 .var "b23", 0 0;
v0000023c77acd1b0_0 .var "b24", 0 0;
v0000023c77a724d0_0 .net "clk", 0 0, v0000023c77b39d30_0;  1 drivers
v0000023c77a72570_0 .net "done", 0 0, L_0000023c77a99210;  alias, 1 drivers
v0000023c77a72610_0 .var "done_d", 0 0;
v0000023c77a726b0_0 .var "done_q", 0 0;
v0000023c77a72750_0 .var "ediff", 7 0;
v0000023c77a727f0_0 .var "exp_a", 7 0;
v0000023c77b3a230_0 .var "exp_a_q", 7 0;
v0000023c77b3a0f0_0 .var "exp_b", 7 0;
v0000023c77b3a2d0_0 .var "exp_b_q", 7 0;
v0000023c77b3a370_0 .var "exp_r", 7 0;
v0000023c77b3a190_0 .var "exp_r_q", 7 0;
v0000023c77b39470_0 .var/s "mant_a", 24 0;
v0000023c77b39510_0 .var/s "mant_a_q", 24 0;
v0000023c77b39fb0_0 .var/s "mant_b", 24 0;
v0000023c77b3a050_0 .var/s "mant_b_q", 24 0;
v0000023c77b395b0_0 .var "mant_r", 25 0;
v0000023c77b396f0_0 .var "mant_r_q", 25 0;
v0000023c77b39650_0 .var "one_index", 4 0;
v0000023c77b39790_0 .net "reset", 0 0, v0000023c77b43160_0;  1 drivers
v0000023c77b39bf0_0 .net "sign_a", 0 0, L_0000023c77b42f80;  1 drivers
v0000023c77b39830_0 .net "sign_b", 0 0, L_0000023c77b42ee0;  1 drivers
v0000023c77b398d0_0 .var "sign_r", 0 0;
v0000023c77b39970_0 .var "sign_r_q", 0 0;
v0000023c77b39a10_0 .net "start", 0 0, v0000023c77b44240_0;  1 drivers
v0000023c77b39ab0_0 .net "sum", 31 0, L_0000023c77a98b10;  alias, 1 drivers
v0000023c77b39b50_0 .var "sum_d", 31 0;
v0000023c77b39dd0_0 .var "sum_q", 31 0;
E_0000023c77add9d0/0 .event anyedge, v0000023c77b8ab40_0, v0000023c77b39510_0, v0000023c77b3a050_0, v0000023c77b39dd0_0;
E_0000023c77add9d0/1 .event anyedge, v0000023c77b3a230_0, v0000023c77b3a2d0_0, v0000023c77b3a190_0, v0000023c77b396f0_0;
E_0000023c77add9d0/2 .event anyedge, v0000023c77b39970_0, v0000023c77accfd0_0, v0000023c77acd070_0, v0000023c77b39a10_0;
E_0000023c77add9d0/3 .event anyedge, v0000023c77b39bf0_0, v0000023c77b39830_0, v0000023c77b39470_0, v0000023c77b39fb0_0;
E_0000023c77add9d0/4 .event anyedge, v0000023c77a72750_0, v0000023c77acd1b0_0, v0000023c77acd110_0, v0000023c77b39650_0;
E_0000023c77add9d0 .event/or E_0000023c77add9d0/0, E_0000023c77add9d0/1, E_0000023c77add9d0/2, E_0000023c77add9d0/3, E_0000023c77add9d0/4;
E_0000023c77addad0 .event posedge, v0000023c77a724d0_0;
L_0000023c77b42f80 .part v0000023c77b39c90_0, 31, 1;
L_0000023c77b42ee0 .part v0000023c77b39e70_0, 31, 1;
S_0000023c77b42760 .scope task, "start_and_crank_dut" "start_and_crank_dut" 2 33, 2 33 0, S_0000023c77ae58f0;
 .timescale -9 -9;
TD_fpadd_tb.start_and_crank_dut ;
    ; show_stmt_assign_vector: Get l-value for compressed += operand
    %load/vec4 v0000023c77b43fc0_0;
    %pushi/vec4 1, 0, 32;
    %add;
    %store/vec4 v0000023c77b43fc0_0, 0, 32;
    %pushi/vec4 0, 0, 32;
    %store/vec4 v0000023c77b42e40_0, 0, 32;
    %pushi/vec4 1, 0, 1;
    %store/vec4 v0000023c77b44240_0, 0, 1;
    %wait E_0000023c77addad0;
    %delay 1, 0;
    %pushi/vec4 0, 0, 1;
    %store/vec4 v0000023c77b44240_0, 0, 1;
T_0.0 ;
    %load/vec4 v0000023c77b39f10_0;
    %pad/u 32;
    %cmpi/e 0, 0, 32;
    %flag_get/vec4 4;
    %jmp/0 T_0.2, 4;
    %load/vec4 v0000023c77b42e40_0;
    %cmpi/s 100, 0, 32;
    %flag_get/vec4 5;
    %and;
T_0.2;
    %flag_set/vec4 8;
    %jmp/0xz T_0.1, 8;
    %wait E_0000023c77addad0;
    ; show_stmt_assign_vector: Get l-value for compressed += operand
    %load/vec4 v0000023c77b42e40_0;
    %pushi/vec4 1, 0, 32;
    %add;
    %store/vec4 v0000023c77b42e40_0, 0, 32;
    %jmp T_0.0;
T_0.1 ;
    %load/vec4 v0000023c77b42e40_0;
    %cmpi/e 100, 0, 32;
    %jmp/0xz  T_0.3, 4;
    %vpi_call 2 49 "$display", "Timed out" {0 0 0};
    %pushi/vec4 1, 0, 1;
    %store/vec4 v0000023c77b43ca0_0, 0, 1;
    %jmp T_0.4;
T_0.3 ;
    %load/vec4 v0000023c77b432a0_0;
    %load/vec4 v0000023c77b42da0_0;
    %cmp/ne;
    %jmp/0xz  T_0.5, 6;
    ; show_stmt_assign_vector: Get l-value for compressed += operand
    %load/vec4 v0000023c77b42d00_0;
    %pushi/vec4 1, 0, 32;
    %add;
    %store/vec4 v0000023c77b42d00_0, 0, 32;
    %vpi_call 2 53 "$display", $time, " a = %X, b = %X, sum = %X, expected sum = %X", v0000023c77b39c90_0, v0000023c77b39e70_0, v0000023c77b432a0_0, v0000023c77b42da0_0 {0 0 0};
T_0.5 ;
T_0.4 ;
    %end;
    .scope S_0000023c77ae5a80;
T_1 ;
    %wait E_0000023c77addad0;
    %load/vec4 v0000023c77b39790_0;
    %flag_set/vec4 8;
    %jmp/0xz  T_1.0, 8;
    %pushi/vec4 0, 0, 3;
    %assign/vec4 v0000023c77b8ab40_0, 0;
    %pushi/vec4 0, 0, 25;
    %assign/vec4 v0000023c77b39510_0, 0;
    %pushi/vec4 0, 0, 25;
    %assign/vec4 v0000023c77b3a050_0, 0;
    %pushi/vec4 0, 0, 32;
    %assign/vec4 v0000023c77b39dd0_0, 0;
    %pushi/vec4 0, 0, 8;
    %assign/vec4 v0000023c77b3a230_0, 0;
    %pushi/vec4 0, 0, 8;
    %assign/vec4 v0000023c77b3a2d0_0, 0;
    %pushi/vec4 0, 0, 8;
    %assign/vec4 v0000023c77b3a190_0, 0;
    %pushi/vec4 0, 0, 26;
    %assign/vec4 v0000023c77b396f0_0, 0;
    %pushi/vec4 0, 0, 1;
    %assign/vec4 v0000023c77b39970_0, 0;
    %pushi/vec4 0, 0, 1;
    %assign/vec4 v0000023c77a726b0_0, 0;
    %jmp T_1.1;
T_1.0 ;
    %load/vec4 v0000023c77b8abe0_0;
    %assign/vec4 v0000023c77b8ab40_0, 0;
    %load/vec4 v0000023c77b39470_0;
    %assign/vec4 v0000023c77b39510_0, 0;
    %load/vec4 v0000023c77b39fb0_0;
    %assign/vec4 v0000023c77b3a050_0, 0;
    %load/vec4 v0000023c77b39b50_0;
    %assign/vec4 v0000023c77b39dd0_0, 0;
    %load/vec4 v0000023c77a727f0_0;
    %assign/vec4 v0000023c77b3a230_0, 0;
    %load/vec4 v0000023c77b3a0f0_0;
    %assign/vec4 v0000023c77b3a2d0_0, 0;
    %load/vec4 v0000023c77b3a370_0;
    %assign/vec4 v0000023c77b3a190_0, 0;
    %load/vec4 v0000023c77b395b0_0;
    %assign/vec4 v0000023c77b396f0_0, 0;
    %load/vec4 v0000023c77b398d0_0;
    %assign/vec4 v0000023c77b39970_0, 0;
    %load/vec4 v0000023c77a72610_0;
    %assign/vec4 v0000023c77a726b0_0, 0;
T_1.1 ;
    %jmp T_1;
    .thread T_1;
    .scope S_0000023c77ae5a80;
T_2 ;
    %wait E_0000023c77add9d0;
    %load/vec4 v0000023c77b8ab40_0;
    %store/vec4 v0000023c77b8abe0_0, 0, 3;
    %pushi/vec4 0, 0, 1;
    %store/vec4 v0000023c77a72610_0, 0, 1;
    %load/vec4 v0000023c77b39510_0;
    %store/vec4 v0000023c77b39470_0, 0, 25;
    %load/vec4 v0000023c77b3a050_0;
    %store/vec4 v0000023c77b39fb0_0, 0, 25;
    %load/vec4 v0000023c77b39dd0_0;
    %store/vec4 v0000023c77b39b50_0, 0, 32;
    %load/vec4 v0000023c77b3a230_0;
    %store/vec4 v0000023c77a727f0_0, 0, 8;
    %load/vec4 v0000023c77b3a2d0_0;
    %store/vec4 v0000023c77b3a0f0_0, 0, 8;
    %load/vec4 v0000023c77b3a190_0;
    %store/vec4 v0000023c77b3a370_0, 0, 8;
    %load/vec4 v0000023c77b396f0_0;
    %store/vec4 v0000023c77b395b0_0, 0, 26;
    %load/vec4 v0000023c77b39970_0;
    %store/vec4 v0000023c77b398d0_0, 0, 1;
    %load/vec4 v0000023c77b8ab40_0;
    %dup/vec4;
    %pushi/vec4 0, 0, 3;
    %cmp/u;
    %jmp/1 T_2.0, 6;
    %dup/vec4;
    %pushi/vec4 6, 0, 3;
    %cmp/u;
    %jmp/1 T_2.1, 6;
    %dup/vec4;
    %pushi/vec4 1, 0, 3;
    %cmp/u;
    %jmp/1 T_2.2, 6;
    %dup/vec4;
    %pushi/vec4 2, 0, 3;
    %cmp/u;
    %jmp/1 T_2.3, 6;
    %dup/vec4;
    %pushi/vec4 3, 0, 3;
    %cmp/u;
    %jmp/1 T_2.4, 6;
    %dup/vec4;
    %pushi/vec4 4, 0, 3;
    %cmp/u;
    %jmp/1 T_2.5, 6;
    %dup/vec4;
    %pushi/vec4 5, 0, 3;
    %cmp/u;
    %jmp/1 T_2.6, 6;
    %dup/vec4;
    %pushi/vec4 7, 0, 3;
    %cmp/u;
    %jmp/1 T_2.7, 6;
    %pushi/vec4 0, 0, 3;
    %store/vec4 v0000023c77b8abe0_0, 0, 3;
    %jmp T_2.9;
T_2.0 ;
    %load/vec4 v0000023c77accfd0_0;
    %parti/s 8, 23, 6;
    %store/vec4 v0000023c77a727f0_0, 0, 8;
    %load/vec4 v0000023c77acd070_0;
    %parti/s 8, 23, 6;
    %store/vec4 v0000023c77b3a0f0_0, 0, 8;
    %pushi/vec4 0, 0, 2;
    %load/vec4 v0000023c77accfd0_0;
    %parti/s 23, 0, 2;
    %concat/vec4; draw_concat_vec4
    %store/vec4 v0000023c77b39470_0, 0, 25;
    %pushi/vec4 0, 0, 2;
    %load/vec4 v0000023c77acd070_0;
    %parti/s 23, 0, 2;
    %concat/vec4; draw_concat_vec4
    %store/vec4 v0000023c77b39fb0_0, 0, 25;
    %pushi/vec4 0, 0, 1;
    %store/vec4 v0000023c77b398d0_0, 0, 1;
    %pushi/vec4 0, 0, 26;
    %store/vec4 v0000023c77b395b0_0, 0, 26;
    %load/vec4 v0000023c77b39a10_0;
    %flag_set/vec4 8;
    %jmp/0xz  T_2.10, 8;
    %pushi/vec4 6, 0, 3;
    %store/vec4 v0000023c77b8abe0_0, 0, 3;
    %jmp T_2.11;
T_2.10 ;
    %pushi/vec4 0, 0, 3;
    %store/vec4 v0000023c77b8abe0_0, 0, 3;
T_2.11 ;
    %jmp T_2.9;
T_2.1 ;
    %load/vec4 v0000023c77b3a230_0;
    %pad/u 32;
    %cmpi/e 0, 0, 32;
    %flag_get/vec4 4;
    %jmp/0 T_2.14, 4;
    %load/vec4 v0000023c77b39510_0;
    %pad/s 32;
    %pushi/vec4 0, 0, 32;
    %cmp/e;
    %flag_get/vec4 4;
    %and;
T_2.14;
    %flag_set/vec4 8;
    %jmp/0xz  T_2.12, 8;
    %load/vec4 v0000023c77acd070_0;
    %store/vec4 v0000023c77b39b50_0, 0, 32;
    %pushi/vec4 1, 0, 1;
    %store/vec4 v0000023c77a72610_0, 0, 1;
    %pushi/vec4 7, 0, 3;
    %store/vec4 v0000023c77b8abe0_0, 0, 3;
    %jmp T_2.13;
T_2.12 ;
    %load/vec4 v0000023c77b3a2d0_0;
    %pad/u 32;
    %cmpi/e 0, 0, 32;
    %flag_get/vec4 4;
    %jmp/0 T_2.17, 4;
    %load/vec4 v0000023c77b3a050_0;
    %pad/s 32;
    %pushi/vec4 0, 0, 32;
    %cmp/e;
    %flag_get/vec4 4;
    %and;
T_2.17;
    %flag_set/vec4 8;
    %jmp/0xz  T_2.15, 8;
    %load/vec4 v0000023c77accfd0_0;
    %store/vec4 v0000023c77b39b50_0, 0, 32;
    %pushi/vec4 1, 0, 1;
    %store/vec4 v0000023c77a72610_0, 0, 1;
    %pushi/vec4 7, 0, 3;
    %store/vec4 v0000023c77b8abe0_0, 0, 3;
    %jmp T_2.16;
T_2.15 ;
    %load/vec4 v0000023c77b3a230_0;
    %cmpi/e 255, 0, 8;
    %jmp/0xz  T_2.18, 4;
    %load/vec4 v0000023c77accfd0_0;
    %store/vec4 v0000023c77b39b50_0, 0, 32;
    %pushi/vec4 1, 0, 1;
    %store/vec4 v0000023c77a72610_0, 0, 1;
    %pushi/vec4 7, 0, 3;
    %store/vec4 v0000023c77b8abe0_0, 0, 3;
    %jmp T_2.19;
T_2.18 ;
    %load/vec4 v0000023c77b3a2d0_0;
    %cmpi/e 255, 0, 8;
    %jmp/0xz  T_2.20, 4;
    %load/vec4 v0000023c77acd070_0;
    %store/vec4 v0000023c77b39b50_0, 0, 32;
    %pushi/vec4 1, 0, 1;
    %store/vec4 v0000023c77a72610_0, 0, 1;
    %pushi/vec4 7, 0, 3;
    %store/vec4 v0000023c77b8abe0_0, 0, 3;
    %jmp T_2.21;
T_2.20 ;
    %pushi/vec4 1, 0, 2;
    %load/vec4 v0000023c77accfd0_0;
    %parti/s 23, 0, 2;
    %concat/vec4; draw_concat_vec4
    %store/vec4 v0000023c77b39470_0, 0, 25;
    %pushi/vec4 1, 0, 2;
    %load/vec4 v0000023c77acd070_0;
    %parti/s 23, 0, 2;
    %concat/vec4; draw_concat_vec4
    %store/vec4 v0000023c77b39fb0_0, 0, 25;
    %pushi/vec4 1, 0, 3;
    %store/vec4 v0000023c77b8abe0_0, 0, 3;
T_2.21 ;
T_2.19 ;
T_2.16 ;
T_2.13 ;
    %jmp T_2.9;
T_2.2 ;
    %load/vec4 v0000023c77b39bf0_0;
    %flag_set/vec4 8;
    %jmp/0xz  T_2.22, 8;
    %load/vec4 v0000023c77b39510_0;
    %inv;
    %pushi/vec4 1, 0, 25;
    %add;
    %store/vec4 v0000023c77b39470_0, 0, 25;
T_2.22 ;
    %load/vec4 v0000023c77b39830_0;
    %flag_set/vec4 8;
    %jmp/0xz  T_2.24, 8;
    %load/vec4 v0000023c77b3a050_0;
    %inv;
    %pushi/vec4 1, 0, 25;
    %add;
    %store/vec4 v0000023c77b39fb0_0, 0, 25;
T_2.24 ;
    %load/vec4 v0000023c77b3a2d0_0;
    %load/vec4 v0000023c77b3a230_0;
    %cmp/u;
    %jmp/0xz  T_2.26, 5;
    %pushi/vec4 2, 0, 3;
    %store/vec4 v0000023c77b8abe0_0, 0, 3;
    %jmp T_2.27;
T_2.26 ;
    %load/vec4 v0000023c77b3a230_0;
    %load/vec4 v0000023c77b3a2d0_0;
    %cmp/u;
    %jmp/0xz  T_2.28, 5;
    %pushi/vec4 3, 0, 3;
    %store/vec4 v0000023c77b8abe0_0, 0, 3;
    %jmp T_2.29;
T_2.28 ;
    %load/vec4 v0000023c77b3a230_0;
    %store/vec4 v0000023c77b3a370_0, 0, 8;
    %load/vec4 v0000023c77b39470_0;
    %parti/s 1, 24, 6;
    %load/vec4 v0000023c77b39470_0;
    %concat/vec4; draw_concat_vec4
    %load/vec4 v0000023c77b39fb0_0;
    %parti/s 1, 24, 6;
    %load/vec4 v0000023c77b39fb0_0;
    %concat/vec4; draw_concat_vec4
    %add;
    %store/vec4 v0000023c77b395b0_0, 0, 26;
    %pushi/vec4 4, 0, 3;
    %store/vec4 v0000023c77b8abe0_0, 0, 3;
T_2.29 ;
T_2.27 ;
    %jmp T_2.9;
T_2.3 ;
    %load/vec4 v0000023c77b3a230_0;
    %load/vec4 v0000023c77b3a2d0_0;
    %sub;
    %store/vec4 v0000023c77a72750_0, 0, 8;
    %load/vec4 v0000023c77b3a230_0;
    %store/vec4 v0000023c77b3a370_0, 0, 8;
    %load/vec4 v0000023c77b3a050_0;
    %ix/getv 4, v0000023c77a72750_0;
    %shiftr/s 4;
    %store/vec4 v0000023c77b39fb0_0, 0, 25;
    %load/vec4 v0000023c77b39510_0;
    %parti/s 1, 24, 6;
    %load/vec4 v0000023c77b39510_0;
    %concat/vec4; draw_concat_vec4
    %load/vec4 v0000023c77b39fb0_0;
    %parti/s 1, 24, 6;
    %load/vec4 v0000023c77b39fb0_0;
    %concat/vec4; draw_concat_vec4
    %add;
    %store/vec4 v0000023c77b395b0_0, 0, 26;
    %pushi/vec4 4, 0, 3;
    %store/vec4 v0000023c77b8abe0_0, 0, 3;
    %jmp T_2.9;
T_2.4 ;
    %load/vec4 v0000023c77b3a2d0_0;
    %load/vec4 v0000023c77b3a230_0;
    %sub;
    %store/vec4 v0000023c77a72750_0, 0, 8;
    %load/vec4 v0000023c77b3a2d0_0;
    %store/vec4 v0000023c77b3a370_0, 0, 8;
    %load/vec4 v0000023c77b39510_0;
    %ix/getv 4, v0000023c77a72750_0;
    %shiftr/s 4;
    %store/vec4 v0000023c77b39470_0, 0, 25;
    %load/vec4 v0000023c77b39470_0;
    %parti/s 1, 24, 6;
    %load/vec4 v0000023c77b39470_0;
    %concat/vec4; draw_concat_vec4
    %load/vec4 v0000023c77b3a050_0;
    %parti/s 1, 24, 6;
    %load/vec4 v0000023c77b3a050_0;
    %concat/vec4; draw_concat_vec4
    %add;
    %store/vec4 v0000023c77b395b0_0, 0, 26;
    %pushi/vec4 4, 0, 3;
    %store/vec4 v0000023c77b8abe0_0, 0, 3;
    %jmp T_2.9;
T_2.5 ;
    %load/vec4 v0000023c77b396f0_0;
    %parti/s 1, 25, 6;
    %flag_set/vec4 8;
    %jmp/0xz  T_2.30, 8;
    %pushi/vec4 1, 0, 1;
    %store/vec4 v0000023c77b398d0_0, 0, 1;
    %load/vec4 v0000023c77b396f0_0;
    %inv;
    %pushi/vec4 1, 0, 26;
    %add;
    %store/vec4 v0000023c77b395b0_0, 0, 26;
    %jmp T_2.31;
T_2.30 ;
    %pushi/vec4 0, 0, 1;
    %store/vec4 v0000023c77b398d0_0, 0, 1;
T_2.31 ;
    %pushi/vec4 5, 0, 3;
    %store/vec4 v0000023c77b8abe0_0, 0, 3;
    %jmp T_2.9;
T_2.6 ;
    %load/vec4 v0000023c77b396f0_0;
    %parti/s 1, 23, 6;
    %store/vec4 v0000023c77acd110_0, 0, 1;
    %load/vec4 v0000023c77b396f0_0;
    %parti/s 1, 24, 6;
    %store/vec4 v0000023c77acd1b0_0, 0, 1;
    %load/vec4 v0000023c77b396f0_0;
    %nor/r;
    %flag_set/vec4 8;
    %jmp/0xz  T_2.32, 8;
    %pushi/vec4 0, 0, 8;
    %store/vec4 v0000023c77b3a370_0, 0, 8;
    %pushi/vec4 7, 0, 3;
    %store/vec4 v0000023c77b8abe0_0, 0, 3;
    %jmp T_2.33;
T_2.32 ;
    %load/vec4 v0000023c77acd1b0_0;
    %nor/r;
    %flag_set/vec4 9;
    %flag_get/vec4 9;
    %jmp/0 T_2.36, 9;
    %load/vec4 v0000023c77acd110_0;
    %and;
T_2.36;
    %flag_set/vec4 8;
    %jmp/0xz  T_2.34, 8;
    %pushi/vec4 7, 0, 3;
    %store/vec4 v0000023c77b8abe0_0, 0, 3;
    %jmp T_2.35;
T_2.34 ;
    %load/vec4 v0000023c77acd1b0_0;
    %flag_set/vec4 8;
    %jmp/0xz  T_2.37, 8;
    %pushi/vec4 0, 0, 1;
    %load/vec4 v0000023c77b396f0_0;
    %parti/s 25, 1, 2;
    %concat/vec4; draw_concat_vec4
    %store/vec4 v0000023c77b395b0_0, 0, 26;
    %load/vec4 v0000023c77b3a190_0;
    %addi 1, 0, 8;
    %store/vec4 v0000023c77b3a370_0, 0, 8;
    %pushi/vec4 7, 0, 3;
    %store/vec4 v0000023c77b8abe0_0, 0, 3;
    %jmp T_2.38;
T_2.37 ;
    %load/vec4 v0000023c77acd110_0;
    %flag_set/vec4 8;
    %jmp/0xz  T_2.39, 8;
    %pushi/vec4 7, 0, 3;
    %store/vec4 v0000023c77b8abe0_0, 0, 3;
    %jmp T_2.40;
T_2.39 ;
    %pushi/vec4 1, 0, 32;
    %dup/vec4;
    %load/vec4 v0000023c77b396f0_0;
    %parti/s 1, 22, 6;
    %pad/u 32;
    %cmp/u;
    %jmp/1 T_2.41, 6;
    %dup/vec4;
    %load/vec4 v0000023c77b396f0_0;
    %parti/s 1, 21, 6;
    %pad/u 32;
    %cmp/u;
    %jmp/1 T_2.42, 6;
    %dup/vec4;
    %load/vec4 v0000023c77b396f0_0;
    %parti/s 1, 20, 6;
    %pad/u 32;
    %cmp/u;
    %jmp/1 T_2.43, 6;
    %dup/vec4;
    %load/vec4 v0000023c77b396f0_0;
    %parti/s 1, 19, 6;
    %pad/u 32;
    %cmp/u;
    %jmp/1 T_2.44, 6;
    %dup/vec4;
    %load/vec4 v0000023c77b396f0_0;
    %parti/s 1, 18, 6;
    %pad/u 32;
    %cmp/u;
    %jmp/1 T_2.45, 6;
    %dup/vec4;
    %load/vec4 v0000023c77b396f0_0;
    %parti/s 1, 17, 6;
    %pad/u 32;
    %cmp/u;
    %jmp/1 T_2.46, 6;
    %dup/vec4;
    %load/vec4 v0000023c77b396f0_0;
    %parti/s 1, 16, 6;
    %pad/u 32;
    %cmp/u;
    %jmp/1 T_2.47, 6;
    %dup/vec4;
    %load/vec4 v0000023c77b396f0_0;
    %parti/s 1, 15, 5;
    %pad/u 32;
    %cmp/u;
    %jmp/1 T_2.48, 6;
    %dup/vec4;
    %load/vec4 v0000023c77b396f0_0;
    %parti/s 1, 14, 5;
    %pad/u 32;
    %cmp/u;
    %jmp/1 T_2.49, 6;
    %dup/vec4;
    %load/vec4 v0000023c77b396f0_0;
    %parti/s 1, 13, 5;
    %pad/u 32;
    %cmp/u;
    %jmp/1 T_2.50, 6;
    %dup/vec4;
    %load/vec4 v0000023c77b396f0_0;
    %parti/s 1, 12, 5;
    %pad/u 32;
    %cmp/u;
    %jmp/1 T_2.51, 6;
    %dup/vec4;
    %load/vec4 v0000023c77b396f0_0;
    %parti/s 1, 11, 5;
    %pad/u 32;
    %cmp/u;
    %jmp/1 T_2.52, 6;
    %dup/vec4;
    %load/vec4 v0000023c77b396f0_0;
    %parti/s 1, 10, 5;
    %pad/u 32;
    %cmp/u;
    %jmp/1 T_2.53, 6;
    %dup/vec4;
    %load/vec4 v0000023c77b396f0_0;
    %parti/s 1, 9, 5;
    %pad/u 32;
    %cmp/u;
    %jmp/1 T_2.54, 6;
    %dup/vec4;
    %load/vec4 v0000023c77b396f0_0;
    %parti/s 1, 8, 5;
    %pad/u 32;
    %cmp/u;
    %jmp/1 T_2.55, 6;
    %dup/vec4;
    %load/vec4 v0000023c77b396f0_0;
    %parti/s 1, 7, 4;
    %pad/u 32;
    %cmp/u;
    %jmp/1 T_2.56, 6;
    %dup/vec4;
    %load/vec4 v0000023c77b396f0_0;
    %parti/s 1, 6, 4;
    %pad/u 32;
    %cmp/u;
    %jmp/1 T_2.57, 6;
    %dup/vec4;
    %load/vec4 v0000023c77b396f0_0;
    %parti/s 1, 5, 4;
    %pad/u 32;
    %cmp/u;
    %jmp/1 T_2.58, 6;
    %dup/vec4;
    %load/vec4 v0000023c77b396f0_0;
    %parti/s 1, 4, 4;
    %pad/u 32;
    %cmp/u;
    %jmp/1 T_2.59, 6;
    %dup/vec4;
    %load/vec4 v0000023c77b396f0_0;
    %parti/s 1, 3, 3;
    %pad/u 32;
    %cmp/u;
    %jmp/1 T_2.60, 6;
    %dup/vec4;
    %load/vec4 v0000023c77b396f0_0;
    %parti/s 1, 2, 3;
    %pad/u 32;
    %cmp/u;
    %jmp/1 T_2.61, 6;
    %dup/vec4;
    %load/vec4 v0000023c77b396f0_0;
    %parti/s 1, 1, 2;
    %pad/u 32;
    %cmp/u;
    %jmp/1 T_2.62, 6;
    %dup/vec4;
    %load/vec4 v0000023c77b396f0_0;
    %parti/s 1, 0, 2;
    %pad/u 32;
    %cmp/u;
    %jmp/1 T_2.63, 6;
    %pushi/vec4 0, 0, 5;
    %store/vec4 v0000023c77b39650_0, 0, 5;
    %jmp T_2.65;
T_2.41 ;
    %pushi/vec4 22, 0, 5;
    %store/vec4 v0000023c77b39650_0, 0, 5;
    %jmp T_2.65;
T_2.42 ;
    %pushi/vec4 21, 0, 5;
    %store/vec4 v0000023c77b39650_0, 0, 5;
    %jmp T_2.65;
T_2.43 ;
    %pushi/vec4 20, 0, 5;
    %store/vec4 v0000023c77b39650_0, 0, 5;
    %jmp T_2.65;
T_2.44 ;
    %pushi/vec4 19, 0, 5;
    %store/vec4 v0000023c77b39650_0, 0, 5;
    %jmp T_2.65;
T_2.45 ;
    %pushi/vec4 18, 0, 5;
    %store/vec4 v0000023c77b39650_0, 0, 5;
    %jmp T_2.65;
T_2.46 ;
    %pushi/vec4 17, 0, 5;
    %store/vec4 v0000023c77b39650_0, 0, 5;
    %jmp T_2.65;
T_2.47 ;
    %pushi/vec4 16, 0, 5;
    %store/vec4 v0000023c77b39650_0, 0, 5;
    %jmp T_2.65;
T_2.48 ;
    %pushi/vec4 15, 0, 5;
    %store/vec4 v0000023c77b39650_0, 0, 5;
    %jmp T_2.65;
T_2.49 ;
    %pushi/vec4 14, 0, 5;
    %store/vec4 v0000023c77b39650_0, 0, 5;
    %jmp T_2.65;
T_2.50 ;
    %pushi/vec4 13, 0, 5;
    %store/vec4 v0000023c77b39650_0, 0, 5;
    %jmp T_2.65;
T_2.51 ;
    %pushi/vec4 12, 0, 5;
    %store/vec4 v0000023c77b39650_0, 0, 5;
    %jmp T_2.65;
T_2.52 ;
    %pushi/vec4 11, 0, 5;
    %store/vec4 v0000023c77b39650_0, 0, 5;
    %jmp T_2.65;
T_2.53 ;
    %pushi/vec4 10, 0, 5;
    %store/vec4 v0000023c77b39650_0, 0, 5;
    %jmp T_2.65;
T_2.54 ;
    %pushi/vec4 9, 0, 5;
    %store/vec4 v0000023c77b39650_0, 0, 5;
    %jmp T_2.65;
T_2.55 ;
    %pushi/vec4 8, 0, 5;
    %store/vec4 v0000023c77b39650_0, 0, 5;
    %jmp T_2.65;
T_2.56 ;
    %pushi/vec4 7, 0, 5;
    %store/vec4 v0000023c77b39650_0, 0, 5;
    %jmp T_2.65;
T_2.57 ;
    %pushi/vec4 6, 0, 5;
    %store/vec4 v0000023c77b39650_0, 0, 5;
    %jmp T_2.65;
T_2.58 ;
    %pushi/vec4 5, 0, 5;
    %store/vec4 v0000023c77b39650_0, 0, 5;
    %jmp T_2.65;
T_2.59 ;
    %pushi/vec4 4, 0, 5;
    %store/vec4 v0000023c77b39650_0, 0, 5;
    %jmp T_2.65;
T_2.60 ;
    %pushi/vec4 3, 0, 5;
    %store/vec4 v0000023c77b39650_0, 0, 5;
    %jmp T_2.65;
T_2.61 ;
    %pushi/vec4 2, 0, 5;
    %store/vec4 v0000023c77b39650_0, 0, 5;
    %jmp T_2.65;
T_2.62 ;
    %pushi/vec4 1, 0, 5;
    %store/vec4 v0000023c77b39650_0, 0, 5;
    %jmp T_2.65;
T_2.63 ;
    %pushi/vec4 0, 0, 5;
    %store/vec4 v0000023c77b39650_0, 0, 5;
    %jmp T_2.65;
T_2.65 ;
    %pop/vec4 1;
    %load/vec4 v0000023c77b396f0_0;
    %pushi/vec4 23, 0, 32;
    %load/vec4 v0000023c77b39650_0;
    %pad/u 32;
    %sub;
    %ix/vec4 4;
    %shiftl 4;
    %store/vec4 v0000023c77b395b0_0, 0, 26;
    %load/vec4 v0000023c77b3a190_0;
    %pushi/vec4 23, 0, 8;
    %load/vec4 v0000023c77b39650_0;
    %pad/u 8;
    %sub;
    %sub;
    %store/vec4 v0000023c77b3a370_0, 0, 8;
    %pushi/vec4 7, 0, 3;
    %store/vec4 v0000023c77b8abe0_0, 0, 3;
T_2.40 ;
T_2.38 ;
T_2.35 ;
T_2.33 ;
    %jmp T_2.9;
T_2.7 ;
    %load/vec4 v0000023c77b39970_0;
    %load/vec4 v0000023c77b3a190_0;
    %concat/vec4; draw_concat_vec4
    %load/vec4 v0000023c77b396f0_0;
    %parti/s 23, 0, 2;
    %concat/vec4; draw_concat_vec4
    %store/vec4 v0000023c77b39b50_0, 0, 32;
    %pushi/vec4 1, 0, 1;
    %store/vec4 v0000023c77a72610_0, 0, 1;
    %load/vec4 v0000023c77b39a10_0;
    %pad/u 32;
    %cmpi/e 0, 0, 32;
    %jmp/0xz  T_2.66, 4;
    %pushi/vec4 0, 0, 3;
    %store/vec4 v0000023c77b8abe0_0, 0, 3;
    %jmp T_2.67;
T_2.66 ;
    %pushi/vec4 7, 0, 3;
    %store/vec4 v0000023c77b8abe0_0, 0, 3;
T_2.67 ;
    %jmp T_2.9;
T_2.9 ;
    %pop/vec4 1;
    %jmp T_2;
    .thread T_2, $push;
    .scope S_0000023c77ae58f0;
T_3 ;
    %delay 5, 0;
    %load/vec4 v0000023c77b39d30_0;
    %nor/r;
    %store/vec4 v0000023c77b39d30_0, 0, 1;
    %jmp T_3;
    .thread T_3;
    .scope S_0000023c77ae58f0;
T_4 ;
    %vpi_call 2 60 "$dumpfile", "add.vvp" {0 0 0};
    %vpi_call 2 61 "$dumpvars", 32'sb00000000000000000000000000000000, S_0000023c77ae58f0 {0 0 0};
    %pushi/vec4 1, 0, 1;
    %store/vec4 v0000023c77b39d30_0, 0, 1;
    %pushi/vec4 0, 0, 32;
    %store/vec4 v0000023c77b43fc0_0, 0, 32;
    %pushi/vec4 0, 0, 32;
    %store/vec4 v0000023c77b42d00_0, 0, 32;
    %pushi/vec4 0, 0, 1;
    %store/vec4 v0000023c77b43ca0_0, 0, 1;
    %pushi/vec4 1, 0, 1;
    %store/vec4 v0000023c77b43160_0, 0, 1;
    %delay 100, 0;
    %pushi/vec4 0, 0, 1;
    %store/vec4 v0000023c77b43160_0, 0, 1;
    %vpi_call 2 71 "$readmemh", "vtest.dat", v0000023c77b44100 {0 0 0};
    %pushi/vec4 0, 0, 32;
    %store/vec4 v0000023c77b43340_0, 0, 32;
T_4.0 ;
    %load/vec4 v0000023c77b43340_0;
    %cmpi/s 10, 0, 32;
    %jmp/0xz T_4.1, 5;
    %load/vec4 v0000023c77b43340_0;
    %muli 3, 0, 32;
    %ix/vec4/s 4;
    %load/vec4a v0000023c77b44100, 4;
    %store/vec4 v0000023c77b39c90_0, 0, 32;
    %load/vec4 v0000023c77b43340_0;
    %muli 3, 0, 32;
    %addi 1, 0, 32;
    %ix/vec4/s 4;
    %load/vec4a v0000023c77b44100, 4;
    %store/vec4 v0000023c77b39e70_0, 0, 32;
    %load/vec4 v0000023c77b43340_0;
    %muli 3, 0, 32;
    %addi 2, 0, 32;
    %ix/vec4/s 4;
    %load/vec4a v0000023c77b44100, 4;
    %store/vec4 v0000023c77b42da0_0, 0, 32;
    %vpi_call 2 77 "$display", $time, " a = %X, b = %X, expected sum = %X", v0000023c77b39c90_0, v0000023c77b39e70_0, v0000023c77b42da0_0 {0 0 0};
    %fork TD_fpadd_tb.start_and_crank_dut, S_0000023c77b42760;
    %join;
    %load/vec4 v0000023c77b43340_0;
    %addi 1, 0, 32;
    %store/vec4 v0000023c77b43340_0, 0, 32;
    %jmp T_4.0;
T_4.1 ;
    %load/vec4 v0000023c77b42d00_0;
    %cmpi/s 0, 0, 32;
    %flag_or 5, 4; GT is !LE
    %flag_inv 5;
    %jmp/0xz  T_4.2, 5;
    %vpi_call 2 82 "$display", "FAILED %d out of %d", v0000023c77b42d00_0, v0000023c77b43fc0_0 {0 0 0};
    %jmp T_4.3;
T_4.2 ;
    %load/vec4 v0000023c77b43ca0_0;
    %pad/u 32;
    %cmpi/e 1, 0, 32;
    %jmp/0xz  T_4.4, 6;
    %vpi_call 2 84 "$display", "FAILED due to TIMEOUT" {0 0 0};
    %jmp T_4.5;
T_4.4 ;
    %vpi_call 2 86 "$display", "PASS" {0 0 0};
T_4.5 ;
T_4.3 ;
    %vpi_call 2 89 "$finish" {0 0 0};
    %end;
    .thread T_4;
# The file index is used to find the file name in the following table.
:file_names 4;
    "N/A";
    "<interactive>";
    "fpadd_tb.v";
    "rand.v";
